2021-09-04T14:00:58 | INFO   | Starting bendserver 2.3.0 on bendmachine
2021-09-04T14:00:58 | DEBUG  | Connecting to database at mongodb://reader:********@localhost:27017/portfolio ...
2021-09-04T14:00:58 | INFO   | Successfully connected to mongodb://reader:********@localhost:27017/portfolio
2021-09-04T14:00:58 | INFO   | Done in 90.534086 ms
2021-09-04T14:00:58 | INFO   | Listening on https://localhost:5000 ...
2021-09-04T14:24:36 | INFO   | Exiting with code SIGINT ...
2021-09-04T14:24:37 | INFO   | Starting bendserver 2.3.0 on bendmachine
2021-09-04T14:24:37 | DEBUG  | Connecting to database at mongodb://reader:********@localhost:27017/portfolio ...
2021-09-04T14:24:37 | INFO   | Successfully connected to mongodb://reader:********@localhost:27017/portfolio
2021-09-04T14:24:37 | INFO   | Done in 82.170039 ms
2021-09-04T14:24:37 | INFO   | Listening on https://localhost:5000 ...
2021-09-04T14:24:39 | INFO   | Exiting with code SIGINT ...
2021-09-04T14:24:41 | INFO   | Starting bendserver 2.3.0 on bendmachine
2021-09-04T14:24:41 | DEBUG  | Connecting to database at mongodb://reader:********@localhost:27017/portfolio ...
2021-09-04T14:24:41 | INFO   | Successfully connected to mongodb://reader:********@localhost:27017/portfolio
2021-09-04T14:24:41 | INFO   | Done in 83.879863 ms
2021-09-04T14:24:41 | INFO   | Listening on https://localhost:5000 ...
2021-09-04T14:27:20 | INFO   | Exiting with code SIGINT ...
2021-09-04T14:27:21 | INFO   | Starting bendserver 2.3.0 on bendmachine
2021-09-04T14:27:21 | DEBUG  | Connecting to database at mongodb://reader:********@localhost:27017/portfolio ...
2021-09-04T14:27:21 | INFO   | Successfully connected to mongodb://reader:********@localhost:27017/portfolio
2021-09-04T14:27:21 | INFO   | Done in 79.360313 ms
2021-09-04T14:27:21 | INFO   | Listening on https://localhost:5000 ...
2021-09-04T14:27:23 | INFO   | Exiting with code SIGINT ...
2021-09-04T16:48:30 | INFO   | Exiting with code 0 ...
2021-09-04T16:48:46 | INFO   | Starting bendserver 2.3.0 on bendmachine
2021-09-04T16:48:46 | DEBUG  | Connecting to database at mongodb://reader:********@localhost:27017/portfolio ...
2021-09-04T16:48:46 | INFO   | Successfully connected to mongodb://reader:********@localhost:27017/portfolio
2021-09-04T16:48:46 | INFO   | Done in 82.248989 ms
2021-09-04T16:48:46 | INFO   | Listening on https://localhost:5000 ...
2021-09-04T16:49:17 | INFO   | Exiting with code SIGINT ...
